[+] Containers:
 |- [+] Container: /Game/ThirdPerson/Maps/ThirdPersonMap
 |   |- [+] ActorDescs:
 |   |   |- Guid:018A0FEC4CF2F8EBD2532FA9C201C6CC BaseClass: NativeClass:/Script/Landscape.LandscapeStreamingProxy Name:LandscapeStreamingProxy_0H9CB8OKD32ZO8Z80SRTVYUJ0_126_2_3_0 Label:LandscapeStreamingProxy_2_3_0 SpatiallyLoaded:1 Bounds:IsValid=true, Min=(X=0.000 Y=12600.000 Z=-100.000), Max=(X=12600.000 Y=25200.000 Z=100.000) RuntimeGrid:None EditorOnly:0 RuntimeOnly:0 HLODRelevant:1 ListedInSceneOutliner:1 IsMainWorldOnly:0
 |   |   |- Guid:046CD98C486F2EA1160D4EA503D87A8A BaseClass: NativeClass:/Script/Landscape.LandscapeStreamingProxy Name:LandscapeStreamingProxy_0H9CB8OKD32ZO8Z80SRTVYUJ0_126_3_1_0 Label:LandscapeStreamingProxy_3_1_0 SpatiallyLoaded:1 Bounds:IsValid=true, Min=(X=12600.000 Y=-12600.000 Z=-100.000), Max=(X=25200.000 Y=0.000 Z=100.000) RuntimeGrid:None EditorOnly:0 RuntimeOnly:0 HLODRelevant:1 ListedInSceneOutliner:1 IsMainWorldOnly:0
 |   |   |- Guid:057BE42247C2BD704CEE5184AA913BF2 BaseClass: NativeClass:/Script/Landscape.LandscapeStreamingProxy Name:LandscapeStreamingProxy_0H9CB8OKD32ZO8Z80SRTVYUJ0_126_0_2_0 Label:LandscapeStreamingProxy_0_2_0 SpatiallyLoaded:1 Bounds:IsValid=true, Min=(X=-25200.000 Y=0.000 Z=-100.000), Max=(X=-12600.000 Y=12600.000 Z=100.000) RuntimeGrid:None EditorOnly:0 RuntimeOnly:0 HLODRelevant:1 ListedInSceneOutliner:1 IsMainWorldOnly:0
 |   |   |- Guid:073391AD44E0C13157869F9AAE5218A8 BaseClass: NativeClass:/Script/Landscape.LandscapeStreamingProxy Name:LandscapeStreamingProxy_0H9CB8OKD32ZO8Z80SRTVYUJ0_126_2_2_0 Label:LandscapeStreamingProxy_2_2_0 SpatiallyLoaded:1 Bounds:IsValid=true, Min=(X=0.000 Y=0.000 Z=-100.000), Max=(X=12600.000 Y=12600.000 Z=100.000) RuntimeGrid:None EditorOnly:0 RuntimeOnly:0 HLODRelevant:1 ListedInSceneOutliner:1 IsMainWorldOnly:0
 |   |   |- Guid:083F0C044E34E925DEE47F82830BFF82 BaseClass:/Game/_GENERATED/DerickZhen/road_spline.road_spline_C NativeClass:/Script/Engine.Actor Name:road_spline_C_UAID_A83B76363130474602_1323004914 Label:road_spline SpatiallyLoaded:1 Bounds:IsValid=true, Min=(X=16955.201 Y=-37171.174 Z=13.000), Max=(X=22237.466 Y=-28461.575 Z=21.014) RuntimeGrid:None EditorOnly:0 RuntimeOnly:0 HLODRelevant:0 ListedInSceneOutliner:1 IsMainWorldOnly:0
 |   |   |- Guid:1ED7E9FC480BD220C0059A877600A4E9 BaseClass:/Game/_GENERATED/DerickZhen/road_spline.road_spline_C NativeClass:/Script/Engine.Actor Name:road_spline_C_UAID_A83B76363130484602_2014254106 Label:road_spline14 SpatiallyLoaded:1 Bounds:IsValid=true, Min=(X=44987.846 Y=-24647.325 Z=13.000), Max=(X=57499.946 Y=-13182.581 Z=21.014) RuntimeGrid:None EditorOnly:0 RuntimeOnly:0 HLODRelevant:0 ListedInSceneOutliner:1 IsMainWorldOnly:0
 |   |   |- Guid:20F36F3B459CA5564971EFB733780994 BaseClass: NativeClass:/Script/Landscape.LandscapeStreamingProxy Name:LandscapeStreamingProxy_0H9CB8OKD32ZO8Z80SRTVYUJ0_126_1_2_0 Label:LandscapeStreamingProxy_1_2_0 SpatiallyLoaded:1 Bounds:IsValid=true, Min=(X=-12600.000 Y=0.000 Z=-100.000), Max=(X=0.000 Y=12600.000 Z=100.000) RuntimeGrid:None EditorOnly:0 RuntimeOnly:0 HLODRelevant:1 ListedInSceneOutliner:1 IsMainWorldOnly:0
 |   |   |- Guid:2FB58999456391D349DC0F86DAC136ED BaseClass: NativeClass:/Script/Engine.SkyLight Name:SkyLight_1 Label:SkyLight SpatiallyLoaded:0 Bounds:IsValid=true, Min=(X=0.000 Y=0.000 Z=690.000), Max=(X=0.000 Y=0.000 Z=690.000) RuntimeGrid:None EditorOnly:0 RuntimeOnly:0 HLODRelevant:0 ListedInSceneOutliner:1 IsMainWorldOnly:0 FolderPath:Lighting FolderGuid:963EC3EB4002CCE9759E2EBA541A873A
 |   |   |- Guid:316CF2A6494ACA4C0E4180A87D36AB8F BaseClass: NativeClass:/Script/Engine.ExponentialHeightFog Name:ExponentialHeightFog_0 Label:ExponentialHeightFog SpatiallyLoaded:0 Bounds:IsValid=true, Min=(X=-5600.000 Y=-50.000 Z=-6850.000), Max=(X=-5600.000 Y=-50.000 Z=-6850.000) RuntimeGrid:None EditorOnly:0 RuntimeOnly:0 HLODRelevant:0 ListedInSceneOutliner:1 IsMainWorldOnly:0 FolderPath:Lighting FolderGuid:963EC3EB4002CCE9759E2EBA541A873A
 |   |   |- Guid:3A00AA1C422CE54C0BDB60BAF471BFBB BaseClass: NativeClass:/Script/Engine.PlayerStart Name:PlayerStart_0 Label:PlayerStart SpatiallyLoaded:0 Bounds:IsValid=true, Min=(X=860.000 Y=1070.000 Z=150.013), Max=(X=940.000 Y=1150.000 Z=334.013) RuntimeGrid:None EditorOnly:0 RuntimeOnly:0 HLODRelevant:0 ListedInSceneOutliner:1 IsMainWorldOnly:0
 |   |   |- Guid:4391149F464BD6A1CD2A68A2FFF94C69 BaseClass: NativeClass:/Script/Landscape.LandscapeStreamingProxy Name:LandscapeStreamingProxy_0H9CB8OKD32ZO8Z80SRTVYUJ0_126_3_3_0 Label:LandscapeStreamingProxy_3_3_0 SpatiallyLoaded:1 Bounds:IsValid=true, Min=(X=12600.000 Y=12600.000 Z=-100.000), Max=(X=25200.000 Y=25200.000 Z=100.000) RuntimeGrid:None EditorOnly:0 RuntimeOnly:0 HLODRelevant:1 ListedInSceneOutliner:1 IsMainWorldOnly:0
 |   |   |- Guid:4CADA17544D4F612266BAA92554EE39F BaseClass:/Game/_GENERATED/DerickZhen/road_spline.road_spline_C NativeClass:/Script/Engine.Actor Name:road_spline_C_UAID_A83B76363130484602_1661224097 Label:road_spline5 SpatiallyLoaded:1 Bounds:IsValid=true, Min=(X=34384.537 Y=-30122.884 Z=13.000), Max=(X=36258.519 Y=-27968.609 Z=21.014) RuntimeGrid:None EditorOnly:0 RuntimeOnly:0 HLODRelevant:0 ListedInSceneOutliner:1 IsMainWorldOnly:0
 |   |   |- Guid:4D3BE93F4146AAAC8BBE79999D96D57F BaseClass: NativeClass:/Script/Engine.VolumetricCloud Name:VolumetricCloud_0 Label:VolumetricCloud SpatiallyLoaded:0 Bounds:IsValid=true, Min=(X=0.000 Y=0.000 Z=820.000), Max=(X=0.000 Y=0.000 Z=820.000) RuntimeGrid:None EditorOnly:0 RuntimeOnly:0 HLODRelevant:0 ListedInSceneOutliner:1 IsMainWorldOnly:0 FolderPath:Lighting FolderGuid:963EC3EB4002CCE9759E2EBA541A873A
 |   |   |- Guid:512B6D3047581AE7E3D3B6AE866ECF08 BaseClass: NativeClass:/Script/Landscape.LandscapeStreamingProxy Name:LandscapeStreamingProxy_0H9CB8OKD32ZO8Z80SRTVYUJ0_126_0_3_0 Label:LandscapeStreamingProxy_0_3_0 SpatiallyLoaded:1 Bounds:IsValid=true, Min=(X=-25200.000 Y=12600.000 Z=-100.000), Max=(X=-12600.000 Y=25200.000 Z=100.000) RuntimeGrid:None EditorOnly:0 RuntimeOnly:0 HLODRelevant:1 ListedInSceneOutliner:1 IsMainWorldOnly:0
 |   |   |- Guid:532F6FA94F2A55281592ABA29030D3A9 BaseClass: NativeClass:/Script/Landscape.LandscapeStreamingProxy Name:LandscapeStreamingProxy_0H9CB8OKD32ZO8Z80SRTVYUJ0_126_0_1_0 Label:LandscapeStreamingProxy_0_1_0 SpatiallyLoaded:1 Bounds:IsValid=true, Min=(X=-25200.000 Y=-12600.000 Z=-100.000), Max=(X=-12600.000 Y=0.000 Z=100.000) RuntimeGrid:None EditorOnly:0 RuntimeOnly:0 HLODRelevant:1 ListedInSceneOutliner:1 IsMainWorldOnly:0
 |   |   |- Guid:5C2343D043EAFD24FD2944B4CF9B0165 BaseClass:/Game/_GENERATED/DerickZhen/road_spline.road_spline_C NativeClass:/Script/Engine.Actor Name:road_spline_C_UAID_A83B76363130484602_1837108102 Label:road_spline10 SpatiallyLoaded:1 Bounds:IsValid=true, Min=(X=49900.920 Y=25159.740 Z=13.000), Max=(X=53372.699 Y=32962.876 Z=21.014) RuntimeGrid:None EditorOnly:0 RuntimeOnly:0 HLODRelevant:0 ListedInSceneOutliner:1 IsMainWorldOnly:0
 |   |   |- Guid:64FE2EE14479E89086477B9A3BAF135B BaseClass: NativeClass:/Script/Landscape.LandscapeStreamingProxy Name:LandscapeStreamingProxy_0H9CB8OKD32ZO8Z80SRTVYUJ0_126_3_2_0 Label:LandscapeStreamingProxy_3_2_0 SpatiallyLoaded:1 Bounds:IsValid=true, Min=(X=12600.000 Y=0.000 Z=-100.000), Max=(X=25200.000 Y=12600.000 Z=100.000) RuntimeGrid:None EditorOnly:0 RuntimeOnly:0 HLODRelevant:1 ListedInSceneOutliner:1 IsMainWorldOnly:0
 |   |   |- Guid:6631B46240421C1FE8E25781F76C3CEB BaseClass:/Game/_GENERATED/DerickZhen/road_spline.road_spline_C NativeClass:/Script/Engine.Actor Name:road_spline_C_UAID_A83B76363130484602_1352996093 Label:road_spline2 SpatiallyLoaded:1 Bounds:IsValid=true, Min=(X=15318.354 Y=-28747.365 Z=13.000), Max=(X=53064.928 Y=28181.966 Z=21.014) RuntimeGrid:None EditorOnly:0 RuntimeOnly:0 HLODRelevant:0 ListedInSceneOutliner:1 IsMainWorldOnly:0
 |   |   |- Guid:69D43C214249EA7F3F064AAD7BDBDEB7 BaseClass: NativeClass:/Script/Landscape.Landscape Name:Landscape_UAID_A83B76363130424602_2011888031 Label:Landscape SpatiallyLoaded:0 Bounds:IsValid=true, Min=(X=-25200.000 Y=-25200.000 Z=0.000), Max=(X=-25200.000 Y=-25200.000 Z=0.000) RuntimeGrid:None EditorOnly:0 RuntimeOnly:0 HLODRelevant:0 ListedInSceneOutliner:1 IsMainWorldOnly:0
 |   |   |- Guid:6BAF4DDD444C60371492D3919DB42C97 BaseClass: NativeClass:/Script/Engine.WorldDataLayers Name:WorldDataLayers Label:WorldDataLayers SpatiallyLoaded:0 Bounds:IsValid=true, Min=(X=0.000 Y=0.000 Z=0.000), Max=(X=0.000 Y=0.000 Z=0.000) RuntimeGrid:None EditorOnly:0 RuntimeOnly:0 HLODRelevant:0 ListedInSceneOutliner:1 IsMainWorldOnly:1
 |   |   |- Guid:718CD8084DE32EB859FB3BB755E29E05 BaseClass: NativeClass:/Script/Landscape.LandscapeStreamingProxy Name:LandscapeStreamingProxy_0H9CB8OKD32ZO8Z80SRTVYUJ0_126_2_0_0 Label:LandscapeStreamingProxy_2_0_0 SpatiallyLoaded:1 Bounds:IsValid=true, Min=(X=0.000 Y=-25200.000 Z=-100.000), Max=(X=12600.000 Y=-12600.000 Z=100.000) RuntimeGrid:None EditorOnly:0 RuntimeOnly:0 HLODRelevant:1 ListedInSceneOutliner:1 IsMainWorldOnly:0
 |   |   |- Guid:7983C24F4601ED2F1E7F1BA05C18315F BaseClass:/Game/_GENERATED/DerickZhen/road_spline.road_spline_C NativeClass:/Script/Engine.Actor Name:road_spline_C_UAID_A83B76363130484602_1640462096 Label:road_spline4 SpatiallyLoaded:1 Bounds:IsValid=true, Min=(X=28188.549 Y=-40576.020 Z=13.000), Max=(X=41144.837 Y=-28352.862 Z=21.014) RuntimeGrid:None EditorOnly:0 RuntimeOnly:0 HLODRelevant:0 ListedInSceneOutliner:1 IsMainWorldOnly:0
 |   |   |- Guid:7BC3E0F74EEE86660EEC88B051D520B4 BaseClass: NativeClass:/Script/Engine.StaticMeshActor Name:StaticMeshActor_UAID_A83B76363130464602_1862766735 Label:road_test SpatiallyLoaded:1 Bounds:IsValid=true, Min=(X=320.000 Y=1710.000 Z=360.000), Max=(X=320.000 Y=1710.000 Z=360.000) RuntimeGrid:None EditorOnly:0 RuntimeOnly:0 HLODRelevant:0 ListedInSceneOutliner:1 IsMainWorldOnly:0
 |   |   |- Guid:8126FEA547985965FF3DD5A8A28A34A0 BaseClass:/Game/_GENERATED/DerickZhen/road_spline.road_spline_C NativeClass:/Script/Engine.Actor Name:road_spline_C_UAID_A83B76363130484602_1908654104 Label:road_spline12 SpatiallyLoaded:1 Bounds:IsValid=true, Min=(X=34178.804 Y=-44026.624 Z=13.000), Max=(X=49314.618 Y=-28262.615 Z=21.014) RuntimeGrid:None EditorOnly:0 RuntimeOnly:0 HLODRelevant:0 ListedInSceneOutliner:1 IsMainWorldOnly:0
 |   |   |- Guid:863FC2DC4C11DEA3602983933C4C0C46 BaseClass: NativeClass:/Script/Landscape.LandscapeStreamingProxy Name:LandscapeStreamingProxy_0H9CB8OKD32ZO8Z80SRTVYUJ0_126_1_1_0 Label:LandscapeStreamingProxy_1_1_0 SpatiallyLoaded:1 Bounds:IsValid=true, Min=(X=-12600.000 Y=-12600.000 Z=-100.000), Max=(X=0.000 Y=0.000 Z=100.000) RuntimeGrid:None EditorOnly:0 RuntimeOnly:0 HLODRelevant:1 ListedInSceneOutliner:1 IsMainWorldOnly:0
 |   |   |- Guid:940A113142BF9A015A22F1A374DA4351 BaseClass:/Game/_GENERATED/DerickZhen/road_spline.road_spline_C NativeClass:/Script/Engine.Actor Name:road_spline_C_UAID_A83B76363130484602_1705849098 Label:road_spline6 SpatiallyLoaded:1 Bounds:IsValid=true, Min=(X=39913.312 Y=-28008.369 Z=13.000), Max=(X=44586.813 Y=-20372.991 Z=21.014) RuntimeGrid:None EditorOnly:0 RuntimeOnly:0 HLODRelevant:0 ListedInSceneOutliner:1 IsMainWorldOnly:0
 |   |   |- Guid:948DDEFF4C2C7DBB55884F9CE69496EE BaseClass:/Game/_GENERATED/DerickZhen/road_spline.road_spline_C NativeClass:/Script/Engine.Actor Name:road_spline_C_UAID_A83B76363130484602_2053417107 Label:road_spline15 SpatiallyLoaded:1 Bounds:IsValid=true, Min=(X=35934.696 Y=-64186.543 Z=13.000), Max=(X=66569.785 Y=-24865.567 Z=21.014) RuntimeGrid:None EditorOnly:0 RuntimeOnly:0 HLODRelevant:0 ListedInSceneOutliner:1 IsMainWorldOnly:0
 |   |   |- Guid:9AA6CBB54BB9CAD5F374E9B13CB3D918 BaseClass:/Game/_GENERATED/DerickZhen/road_spline.road_spline_C NativeClass:/Script/Engine.Actor Name:road_spline_C_UAID_A83B76363130494602_1102199285 Label:road_spline17 SpatiallyLoaded:1 Bounds:IsValid=true, Min=(X=37821.222 Y=-73038.023 Z=13.000), Max=(X=46870.401 Y=-63737.930 Z=21.014) RuntimeGrid:None EditorOnly:0 RuntimeOnly:0 HLODRelevant:0 ListedInSceneOutliner:1 IsMainWorldOnly:0
 |   |   |- Guid:9EE5E3CB4F9ADF0DD82E6BABE697446F BaseClass:/Game/_GENERATED/DerickZhen/road_spline.road_spline_C NativeClass:/Script/Engine.Actor Name:road_spline_C_UAID_A83B76363130484602_2131029108 Label:road_spline16 SpatiallyLoaded:1 Bounds:IsValid=true, Min=(X=37811.222 Y=-73048.024 Z=13.000), Max=(X=46860.401 Y=-63747.930 Z=21.014) RuntimeGrid:None EditorOnly:0 RuntimeOnly:0 HLODRelevant:0 ListedInSceneOutliner:1 IsMainWorldOnly:0
 |   |   |- Guid:ABB062E9436DF3AEBD4E678CBEB22E06 BaseClass: NativeClass:/Script/Engine.StaticMeshActor Name:StaticMeshActor_UAID_A83B76363130434602_1081725208 Label:Cube SpatiallyLoaded:1 Bounds:IsValid=true, Min=(X=-100000.000 Y=-100000.000 Z=-80.000), Max=(X=100000.000 Y=100000.000 Z=20.000) RuntimeGrid:None EditorOnly:0 RuntimeOnly:0 HLODRelevant:1 ListedInSceneOutliner:1 IsMainWorldOnly:0
 |   |   |- Guid:ACDD963A46E401834886B6AD755A9C34 BaseClass:/Game/_GENERATED/DerickZhen/road_spline.road_spline_C NativeClass:/Script/Engine.Actor Name:road_spline_C_UAID_A83B76363130484602_1944715105 Label:road_spline13 SpatiallyLoaded:1 Bounds:IsValid=true, Min=(X=37369.336 Y=-64119.759 Z=13.000), Max=(X=52483.660 Y=-44140.513 Z=21.014) RuntimeGrid:None EditorOnly:0 RuntimeOnly:0 HLODRelevant:0 ListedInSceneOutliner:1 IsMainWorldOnly:0
 |   |   |- Guid:B785ED2844B84CFB91E7F39FE661CD99 BaseClass: NativeClass:/Script/Engine.DirectionalLight Name:DirectionalLight_0 Label:DirectionalLight SpatiallyLoaded:0 Bounds:IsValid=true, Min=(X=-1048576.000 Y=-1048576.000 Z=-1048576.000), Max=(X=1048576.000 Y=1048576.000 Z=1048576.000) RuntimeGrid:None EditorOnly:0 RuntimeOnly:0 HLODRelevant:0 ListedInSceneOutliner:1 IsMainWorldOnly:0 FolderPath:Lighting FolderGuid:963EC3EB4002CCE9759E2EBA541A873A
 |   |   |- Guid:BC5A532847E91994327926BF3A8AE793 BaseClass:/Game/_GENERATED/DerickZhen/road_spline.road_spline_C NativeClass:/Script/Engine.Actor Name:road_spline_C_UAID_A83B76363130484602_1755707099 Label:road_spline7 SpatiallyLoaded:1 Bounds:IsValid=true, Min=(X=43375.864 Y=-20188.369 Z=13.000), Max=(X=47712.977 Y=-13335.471 Z=21.014) RuntimeGrid:None EditorOnly:0 RuntimeOnly:0 HLODRelevant:0 ListedInSceneOutliner:1 IsMainWorldOnly:0
 |   |   |- Guid:C78F22C049E74396FB4FF1B32C031F5C BaseClass: NativeClass:/Script/Landscape.LandscapeStreamingProxy Name:LandscapeStreamingProxy_0H9CB8OKD32ZO8Z80SRTVYUJ0_126_1_0_0 Label:LandscapeStreamingProxy_1_0_0 SpatiallyLoaded:1 Bounds:IsValid=true, Min=(X=-12600.000 Y=-25200.000 Z=-100.000), Max=(X=0.000 Y=-12600.000 Z=100.000) RuntimeGrid:None EditorOnly:0 RuntimeOnly:0 HLODRelevant:1 ListedInSceneOutliner:1 IsMainWorldOnly:0
 |   |   |- Guid:CA0378574210EF491322399A9DC6D09C BaseClass:/Game/_GENERATED/DerickZhen/road_spline.road_spline_C NativeClass:/Script/Engine.Actor Name:road_spline_C_UAID_A83B76363130484602_1603909095 Label:road_spline3 SpatiallyLoaded:1 Bounds:IsValid=true, Min=(X=17492.108 Y=-40755.876 Z=13.000), Max=(X=28219.575 Y=-36663.900 Z=21.014) RuntimeGrid:None EditorOnly:0 RuntimeOnly:0 HLODRelevant:0 ListedInSceneOutliner:1 IsMainWorldOnly:0
 |   |   |- Guid:CCFF262C46EEFFDF319E7F9539CE697E BaseClass: NativeClass:/Script/Engine.SkyAtmosphere Name:SkyAtmosphere_0 Label:SkyAtmosphere SpatiallyLoaded:0 Bounds:IsValid=true, Min=(X=0.000 Y=0.000 Z=1020.000), Max=(X=0.000 Y=0.000 Z=1020.000) RuntimeGrid:None EditorOnly:0 RuntimeOnly:0 HLODRelevant:0 ListedInSceneOutliner:1 IsMainWorldOnly:0 FolderPath:Lighting FolderGuid:963EC3EB4002CCE9759E2EBA541A873A
 |   |   |- Guid:D664048B438E660FAC7E28A99E102856 BaseClass:/Game/_GENERATED/DerickZhen/road_spline.road_spline_C NativeClass:/Script/Engine.Actor Name:road_spline_C_UAID_A83B76363130484602_1786705100 Label:road_spline8 SpatiallyLoaded:1 Bounds:IsValid=true, Min=(X=46855.864 Y=-13358.369 Z=13.000), Max=(X=50064.300 Y=-8699.198 Z=21.014) RuntimeGrid:None EditorOnly:0 RuntimeOnly:0 HLODRelevant:0 ListedInSceneOutliner:1 IsMainWorldOnly:0
 |   |   |- Guid:D970BDDD457183D8EA9B95BA7C41398C BaseClass: NativeClass:/Script/Landscape.LandscapeStreamingProxy Name:LandscapeStreamingProxy_0H9CB8OKD32ZO8Z80SRTVYUJ0_126_1_3_0 Label:LandscapeStreamingProxy_1_3_0 SpatiallyLoaded:1 Bounds:IsValid=true, Min=(X=-12600.000 Y=12600.000 Z=-100.000), Max=(X=0.000 Y=25200.000 Z=100.000) RuntimeGrid:None EditorOnly:0 RuntimeOnly:0 HLODRelevant:1 ListedInSceneOutliner:1 IsMainWorldOnly:0
 |   |   |- Guid:DCAD1C1647AA7B95D36EF592BB8A658E BaseClass: NativeClass:/Script/Landscape.LandscapeStreamingProxy Name:LandscapeStreamingProxy_0H9CB8OKD32ZO8Z80SRTVYUJ0_126_3_0_0 Label:LandscapeStreamingProxy_3_0_0 SpatiallyLoaded:1 Bounds:IsValid=true, Min=(X=12600.000 Y=-25200.000 Z=-100.000), Max=(X=25200.000 Y=-12600.000 Z=100.000) RuntimeGrid:None EditorOnly:0 RuntimeOnly:0 HLODRelevant:1 ListedInSceneOutliner:1 IsMainWorldOnly:0
 |   |   |- Guid:E2FF85AA461E468E157640B8676A4A86 BaseClass:/Game/_GENERATED/DerickZhen/road_spline.road_spline_C NativeClass:/Script/Engine.Actor Name:road_spline_C_UAID_A83B76363130484602_1801046101 Label:road_spline9 SpatiallyLoaded:1 Bounds:IsValid=true, Min=(X=38769.107 Y=-8358.369 Z=13.000), Max=(X=64721.018 Y=24340.506 Z=21.014) RuntimeGrid:None EditorOnly:0 RuntimeOnly:0 HLODRelevant:0 ListedInSceneOutliner:1 IsMainWorldOnly:0
 |   |   |- Guid:EBC52F7D467BD5FD6AF8F6A7FB98D5E2 BaseClass:/Game/_GENERATED/DerickZhen/road_spline.road_spline_C NativeClass:/Script/Engine.Actor Name:road_spline_C_UAID_A83B76363130484602_1890977103 Label:road_spline11 SpatiallyLoaded:1 Bounds:IsValid=true, Min=(X=47160.920 Y=32989.740 Z=13.000), Max=(X=50632.699 Y=40792.876 Z=21.014) RuntimeGrid:None EditorOnly:0 RuntimeOnly:0 HLODRelevant:0 ListedInSceneOutliner:1 IsMainWorldOnly:0
 |   |   |- Guid:EC4E0C944CE6AC6E784BC6BB2916EA13 BaseClass: NativeClass:/Script/Engine.StaticMeshActor Name:StaticMeshActor_UAID_A4AE111137DC5EFB00_1110535423 Label:SM_SkySphere SpatiallyLoaded:0 Bounds:IsValid=true, Min=(X=-1638400.000 Y=-1638400.000 Z=-1638400.000), Max=(X=1638400.000 Y=1638400.000 Z=1638400.000) RuntimeGrid:None EditorOnly:0 RuntimeOnly:0 HLODRelevant:1 ListedInSceneOutliner:1 IsMainWorldOnly:0 FolderPath:Lighting FolderGuid:963EC3EB4002CCE9759E2EBA541A873A
 |   |   |- Guid:F0974C8E4A938BFCD25CE080CA51B3EE BaseClass: NativeClass:/Script/Engine.StaticMeshActor Name:StaticMeshActor_UAID_A83B76363130474602_1652534916 Label:Cube2 SpatiallyLoaded:1 Bounds:IsValid=true, Min=(X=2070.000 Y=3180.000 Z=1840.000), Max=(X=2170.000 Y=3280.000 Z=1940.000) RuntimeGrid:None EditorOnly:0 RuntimeOnly:0 HLODRelevant:1 ListedInSceneOutliner:1 IsMainWorldOnly:0
 |   |   |- Guid:F0F6DAD344C1CED2B91EA5BCB4618F02 BaseClass: NativeClass:/Script/Landscape.LandscapeStreamingProxy Name:LandscapeStreamingProxy_0H9CB8OKD32ZO8Z80SRTVYUJ0_126_0_0_0 Label:LandscapeStreamingProxy_0_0_0 SpatiallyLoaded:1 Bounds:IsValid=true, Min=(X=-25200.000 Y=-25200.000 Z=-100.000), Max=(X=-12600.000 Y=-12600.000 Z=100.000) RuntimeGrid:None EditorOnly:0 RuntimeOnly:0 HLODRelevant:1 ListedInSceneOutliner:1 IsMainWorldOnly:0
 |   |   |- Guid:F5E3FEB3450C49844FD93DA8E083C8AD BaseClass: NativeClass:/Script/Engine.PostProcessVolume Name:PostProcessVolume_0 Label:PostProcessVolume SpatiallyLoaded:0 Bounds:IsValid=true, Min=(X=0.000 Y=0.000 Z=400.000), Max=(X=200.000 Y=200.000 Z=600.000) RuntimeGrid:None EditorOnly:0 RuntimeOnly:0 HLODRelevant:0 ListedInSceneOutliner:1 IsMainWorldOnly:0 FolderPath:Lighting FolderGuid:963EC3EB4002CCE9759E2EBA541A873A
 |   |   |- Guid:F65471B7449AA0C514CE45BB68DB2116 BaseClass: NativeClass:/Script/Landscape.LandscapeStreamingProxy Name:LandscapeStreamingProxy_0H9CB8OKD32ZO8Z80SRTVYUJ0_126_2_1_0 Label:LandscapeStreamingProxy_2_1_0 SpatiallyLoaded:1 Bounds:IsValid=true, Min=(X=0.000 Y=-12600.000 Z=-100.000), Max=(X=12600.000 Y=0.000 Z=100.000) RuntimeGrid:None EditorOnly:0 RuntimeOnly:0 HLODRelevant:1 ListedInSceneOutliner:1 IsMainWorldOnly:0
 |   |- [+] Clusters:
 |   |   |- [+] [  0]
 |   |   |   |- Guid:018A0FEC4CF2F8EBD2532FA9C201C6CC BaseClass: NativeClass:/Script/Landscape.LandscapeStreamingProxy Name:LandscapeStreamingProxy_0H9CB8OKD32ZO8Z80SRTVYUJ0_126_2_3_0 Label:LandscapeStreamingProxy_2_3_0 SpatiallyLoaded:1 Bounds:IsValid=true, Min=(X=0.000 Y=12600.000 Z=-100.000), Max=(X=12600.000 Y=25200.000 Z=100.000) RuntimeGrid:None EditorOnly:0 RuntimeOnly:0 HLODRelevant:1 ListedInSceneOutliner:1 IsMainWorldOnly:0
 |   |   |- [+] [  1]
 |   |   |   |- Guid:046CD98C486F2EA1160D4EA503D87A8A BaseClass: NativeClass:/Script/Landscape.LandscapeStreamingProxy Name:LandscapeStreamingProxy_0H9CB8OKD32ZO8Z80SRTVYUJ0_126_3_1_0 Label:LandscapeStreamingProxy_3_1_0 SpatiallyLoaded:1 Bounds:IsValid=true, Min=(X=12600.000 Y=-12600.000 Z=-100.000), Max=(X=25200.000 Y=0.000 Z=100.000) RuntimeGrid:None EditorOnly:0 RuntimeOnly:0 HLODRelevant:1 ListedInSceneOutliner:1 IsMainWorldOnly:0
 |   |   |- [+] [  2]
 |   |   |   |- Guid:057BE42247C2BD704CEE5184AA913BF2 BaseClass: NativeClass:/Script/Landscape.LandscapeStreamingProxy Name:LandscapeStreamingProxy_0H9CB8OKD32ZO8Z80SRTVYUJ0_126_0_2_0 Label:LandscapeStreamingProxy_0_2_0 SpatiallyLoaded:1 Bounds:IsValid=true, Min=(X=-25200.000 Y=0.000 Z=-100.000), Max=(X=-12600.000 Y=12600.000 Z=100.000) RuntimeGrid:None EditorOnly:0 RuntimeOnly:0 HLODRelevant:1 ListedInSceneOutliner:1 IsMainWorldOnly:0
 |   |   |- [+] [  3]
 |   |   |   |- Guid:073391AD44E0C13157869F9AAE5218A8 BaseClass: NativeClass:/Script/Landscape.LandscapeStreamingProxy Name:LandscapeStreamingProxy_0H9CB8OKD32ZO8Z80SRTVYUJ0_126_2_2_0 Label:LandscapeStreamingProxy_2_2_0 SpatiallyLoaded:1 Bounds:IsValid=true, Min=(X=0.000 Y=0.000 Z=-100.000), Max=(X=12600.000 Y=12600.000 Z=100.000) RuntimeGrid:None EditorOnly:0 RuntimeOnly:0 HLODRelevant:1 ListedInSceneOutliner:1 IsMainWorldOnly:0
 |   |   |- [+] [  4]
 |   |   |   |- Guid:083F0C044E34E925DEE47F82830BFF82 BaseClass:/Game/_GENERATED/DerickZhen/road_spline.road_spline_C NativeClass:/Script/Engine.Actor Name:road_spline_C_UAID_A83B76363130474602_1323004914 Label:road_spline SpatiallyLoaded:1 Bounds:IsValid=true, Min=(X=16955.201 Y=-37171.174 Z=13.000), Max=(X=22237.466 Y=-28461.575 Z=21.014) RuntimeGrid:None EditorOnly:0 RuntimeOnly:0 HLODRelevant:0 ListedInSceneOutliner:1 IsMainWorldOnly:0
 |   |   |- [+] [  5]
 |   |   |   |- Guid:1ED7E9FC480BD220C0059A877600A4E9 BaseClass:/Game/_GENERATED/DerickZhen/road_spline.road_spline_C NativeClass:/Script/Engine.Actor Name:road_spline_C_UAID_A83B76363130484602_2014254106 Label:road_spline14 SpatiallyLoaded:1 Bounds:IsValid=true, Min=(X=44987.846 Y=-24647.325 Z=13.000), Max=(X=57499.946 Y=-13182.581 Z=21.014) RuntimeGrid:None EditorOnly:0 RuntimeOnly:0 HLODRelevant:0 ListedInSceneOutliner:1 IsMainWorldOnly:0
 |   |   |- [+] [  6]
 |   |   |   |- Guid:20F36F3B459CA5564971EFB733780994 BaseClass: NativeClass:/Script/Landscape.LandscapeStreamingProxy Name:LandscapeStreamingProxy_0H9CB8OKD32ZO8Z80SRTVYUJ0_126_1_2_0 Label:LandscapeStreamingProxy_1_2_0 SpatiallyLoaded:1 Bounds:IsValid=true, Min=(X=-12600.000 Y=0.000 Z=-100.000), Max=(X=0.000 Y=12600.000 Z=100.000) RuntimeGrid:None EditorOnly:0 RuntimeOnly:0 HLODRelevant:1 ListedInSceneOutliner:1 IsMainWorldOnly:0
 |   |   |- [+] [  7]
 |   |   |   |- Guid:2FB58999456391D349DC0F86DAC136ED BaseClass: NativeClass:/Script/Engine.SkyLight Name:SkyLight_1 Label:SkyLight SpatiallyLoaded:0 Bounds:IsValid=true, Min=(X=0.000 Y=0.000 Z=690.000), Max=(X=0.000 Y=0.000 Z=690.000) RuntimeGrid:None EditorOnly:0 RuntimeOnly:0 HLODRelevant:0 ListedInSceneOutliner:1 IsMainWorldOnly:0 FolderPath:Lighting FolderGuid:963EC3EB4002CCE9759E2EBA541A873A
 |   |   |- [+] [  8]
 |   |   |   |- Guid:316CF2A6494ACA4C0E4180A87D36AB8F BaseClass: NativeClass:/Script/Engine.ExponentialHeightFog Name:ExponentialHeightFog_0 Label:ExponentialHeightFog SpatiallyLoaded:0 Bounds:IsValid=true, Min=(X=-5600.000 Y=-50.000 Z=-6850.000), Max=(X=-5600.000 Y=-50.000 Z=-6850.000) RuntimeGrid:None EditorOnly:0 RuntimeOnly:0 HLODRelevant:0 ListedInSceneOutliner:1 IsMainWorldOnly:0 FolderPath:Lighting FolderGuid:963EC3EB4002CCE9759E2EBA541A873A
 |   |   |- [+] [  9]
 |   |   |   |- Guid:3A00AA1C422CE54C0BDB60BAF471BFBB BaseClass: NativeClass:/Script/Engine.PlayerStart Name:PlayerStart_0 Label:PlayerStart SpatiallyLoaded:0 Bounds:IsValid=true, Min=(X=860.000 Y=1070.000 Z=150.013), Max=(X=940.000 Y=1150.000 Z=334.013) RuntimeGrid:None EditorOnly:0 RuntimeOnly:0 HLODRelevant:0 ListedInSceneOutliner:1 IsMainWorldOnly:0
 |   |   |- [+] [ 10]
 |   |   |   |- Guid:4391149F464BD6A1CD2A68A2FFF94C69 BaseClass: NativeClass:/Script/Landscape.LandscapeStreamingProxy Name:LandscapeStreamingProxy_0H9CB8OKD32ZO8Z80SRTVYUJ0_126_3_3_0 Label:LandscapeStreamingProxy_3_3_0 SpatiallyLoaded:1 Bounds:IsValid=true, Min=(X=12600.000 Y=12600.000 Z=-100.000), Max=(X=25200.000 Y=25200.000 Z=100.000) RuntimeGrid:None EditorOnly:0 RuntimeOnly:0 HLODRelevant:1 ListedInSceneOutliner:1 IsMainWorldOnly:0
 |   |   |- [+] [ 11]
 |   |   |   |- Guid:4CADA17544D4F612266BAA92554EE39F BaseClass:/Game/_GENERATED/DerickZhen/road_spline.road_spline_C NativeClass:/Script/Engine.Actor Name:road_spline_C_UAID_A83B76363130484602_1661224097 Label:road_spline5 SpatiallyLoaded:1 Bounds:IsValid=true, Min=(X=34384.537 Y=-30122.884 Z=13.000), Max=(X=36258.519 Y=-27968.609 Z=21.014) RuntimeGrid:None EditorOnly:0 RuntimeOnly:0 HLODRelevant:0 ListedInSceneOutliner:1 IsMainWorldOnly:0
 |   |   |- [+] [ 12]
 |   |   |   |- Guid:4D3BE93F4146AAAC8BBE79999D96D57F BaseClass: NativeClass:/Script/Engine.VolumetricCloud Name:VolumetricCloud_0 Label:VolumetricCloud SpatiallyLoaded:0 Bounds:IsValid=true, Min=(X=0.000 Y=0.000 Z=820.000), Max=(X=0.000 Y=0.000 Z=820.000) RuntimeGrid:None EditorOnly:0 RuntimeOnly:0 HLODRelevant:0 ListedInSceneOutliner:1 IsMainWorldOnly:0 FolderPath:Lighting FolderGuid:963EC3EB4002CCE9759E2EBA541A873A
 |   |   |- [+] [ 13]
 |   |   |   |- Guid:512B6D3047581AE7E3D3B6AE866ECF08 BaseClass: NativeClass:/Script/Landscape.LandscapeStreamingProxy Name:LandscapeStreamingProxy_0H9CB8OKD32ZO8Z80SRTVYUJ0_126_0_3_0 Label:LandscapeStreamingProxy_0_3_0 SpatiallyLoaded:1 Bounds:IsValid=true, Min=(X=-25200.000 Y=12600.000 Z=-100.000), Max=(X=-12600.000 Y=25200.000 Z=100.000) RuntimeGrid:None EditorOnly:0 RuntimeOnly:0 HLODRelevant:1 ListedInSceneOutliner:1 IsMainWorldOnly:0
 |   |   |- [+] [ 14]
 |   |   |   |- Guid:532F6FA94F2A55281592ABA29030D3A9 BaseClass: NativeClass:/Script/Landscape.LandscapeStreamingProxy Name:LandscapeStreamingProxy_0H9CB8OKD32ZO8Z80SRTVYUJ0_126_0_1_0 Label:LandscapeStreamingProxy_0_1_0 SpatiallyLoaded:1 Bounds:IsValid=true, Min=(X=-25200.000 Y=-12600.000 Z=-100.000), Max=(X=-12600.000 Y=0.000 Z=100.000) RuntimeGrid:None EditorOnly:0 RuntimeOnly:0 HLODRelevant:1 ListedInSceneOutliner:1 IsMainWorldOnly:0
 |   |   |- [+] [ 15]
 |   |   |   |- Guid:5C2343D043EAFD24FD2944B4CF9B0165 BaseClass:/Game/_GENERATED/DerickZhen/road_spline.road_spline_C NativeClass:/Script/Engine.Actor Name:road_spline_C_UAID_A83B76363130484602_1837108102 Label:road_spline10 SpatiallyLoaded:1 Bounds:IsValid=true, Min=(X=49900.920 Y=25159.740 Z=13.000), Max=(X=53372.699 Y=32962.876 Z=21.014) RuntimeGrid:None EditorOnly:0 RuntimeOnly:0 HLODRelevant:0 ListedInSceneOutliner:1 IsMainWorldOnly:0
 |   |   |- [+] [ 16]
 |   |   |   |- Guid:64FE2EE14479E89086477B9A3BAF135B BaseClass: NativeClass:/Script/Landscape.LandscapeStreamingProxy Name:LandscapeStreamingProxy_0H9CB8OKD32ZO8Z80SRTVYUJ0_126_3_2_0 Label:LandscapeStreamingProxy_3_2_0 SpatiallyLoaded:1 Bounds:IsValid=true, Min=(X=12600.000 Y=0.000 Z=-100.000), Max=(X=25200.000 Y=12600.000 Z=100.000) RuntimeGrid:None EditorOnly:0 RuntimeOnly:0 HLODRelevant:1 ListedInSceneOutliner:1 IsMainWorldOnly:0
 |   |   |- [+] [ 17]
 |   |   |   |- Guid:6631B46240421C1FE8E25781F76C3CEB BaseClass:/Game/_GENERATED/DerickZhen/road_spline.road_spline_C NativeClass:/Script/Engine.Actor Name:road_spline_C_UAID_A83B76363130484602_1352996093 Label:road_spline2 SpatiallyLoaded:1 Bounds:IsValid=true, Min=(X=15318.354 Y=-28747.365 Z=13.000), Max=(X=53064.928 Y=28181.966 Z=21.014) RuntimeGrid:None EditorOnly:0 RuntimeOnly:0 HLODRelevant:0 ListedInSceneOutliner:1 IsMainWorldOnly:0
 |   |   |- [+] [ 18]
 |   |   |   |- Guid:69D43C214249EA7F3F064AAD7BDBDEB7 BaseClass: NativeClass:/Script/Landscape.Landscape Name:Landscape_UAID_A83B76363130424602_2011888031 Label:Landscape SpatiallyLoaded:0 Bounds:IsValid=true, Min=(X=-25200.000 Y=-25200.000 Z=0.000), Max=(X=-25200.000 Y=-25200.000 Z=0.000) RuntimeGrid:None EditorOnly:0 RuntimeOnly:0 HLODRelevant:0 ListedInSceneOutliner:1 IsMainWorldOnly:0
 |   |   |- [+] [ 19]
 |   |   |   |- Guid:6BAF4DDD444C60371492D3919DB42C97 BaseClass: NativeClass:/Script/Engine.WorldDataLayers Name:WorldDataLayers Label:WorldDataLayers SpatiallyLoaded:0 Bounds:IsValid=true, Min=(X=0.000 Y=0.000 Z=0.000), Max=(X=0.000 Y=0.000 Z=0.000) RuntimeGrid:None EditorOnly:0 RuntimeOnly:0 HLODRelevant:0 ListedInSceneOutliner:1 IsMainWorldOnly:1
 |   |   |- [+] [ 20]
 |   |   |   |- Guid:718CD8084DE32EB859FB3BB755E29E05 BaseClass: NativeClass:/Script/Landscape.LandscapeStreamingProxy Name:LandscapeStreamingProxy_0H9CB8OKD32ZO8Z80SRTVYUJ0_126_2_0_0 Label:LandscapeStreamingProxy_2_0_0 SpatiallyLoaded:1 Bounds:IsValid=true, Min=(X=0.000 Y=-25200.000 Z=-100.000), Max=(X=12600.000 Y=-12600.000 Z=100.000) RuntimeGrid:None EditorOnly:0 RuntimeOnly:0 HLODRelevant:1 ListedInSceneOutliner:1 IsMainWorldOnly:0
 |   |   |- [+] [ 21]
 |   |   |   |- Guid:7983C24F4601ED2F1E7F1BA05C18315F BaseClass:/Game/_GENERATED/DerickZhen/road_spline.road_spline_C NativeClass:/Script/Engine.Actor Name:road_spline_C_UAID_A83B76363130484602_1640462096 Label:road_spline4 SpatiallyLoaded:1 Bounds:IsValid=true, Min=(X=28188.549 Y=-40576.020 Z=13.000), Max=(X=41144.837 Y=-28352.862 Z=21.014) RuntimeGrid:None EditorOnly:0 RuntimeOnly:0 HLODRelevant:0 ListedInSceneOutliner:1 IsMainWorldOnly:0
 |   |   |- [+] [ 22]
 |   |   |   |- Guid:7BC3E0F74EEE86660EEC88B051D520B4 BaseClass: NativeClass:/Script/Engine.StaticMeshActor Name:StaticMeshActor_UAID_A83B76363130464602_1862766735 Label:road_test SpatiallyLoaded:1 Bounds:IsValid=true, Min=(X=320.000 Y=1710.000 Z=360.000), Max=(X=320.000 Y=1710.000 Z=360.000) RuntimeGrid:None EditorOnly:0 RuntimeOnly:0 HLODRelevant:0 ListedInSceneOutliner:1 IsMainWorldOnly:0
 |   |   |- [+] [ 23]
 |   |   |   |- Guid:8126FEA547985965FF3DD5A8A28A34A0 BaseClass:/Game/_GENERATED/DerickZhen/road_spline.road_spline_C NativeClass:/Script/Engine.Actor Name:road_spline_C_UAID_A83B76363130484602_1908654104 Label:road_spline12 SpatiallyLoaded:1 Bounds:IsValid=true, Min=(X=34178.804 Y=-44026.624 Z=13.000), Max=(X=49314.618 Y=-28262.615 Z=21.014) RuntimeGrid:None EditorOnly:0 RuntimeOnly:0 HLODRelevant:0 ListedInSceneOutliner:1 IsMainWorldOnly:0
 |   |   |- [+] [ 24]
 |   |   |   |- Guid:863FC2DC4C11DEA3602983933C4C0C46 BaseClass: NativeClass:/Script/Landscape.LandscapeStreamingProxy Name:LandscapeStreamingProxy_0H9CB8OKD32ZO8Z80SRTVYUJ0_126_1_1_0 Label:LandscapeStreamingProxy_1_1_0 SpatiallyLoaded:1 Bounds:IsValid=true, Min=(X=-12600.000 Y=-12600.000 Z=-100.000), Max=(X=0.000 Y=0.000 Z=100.000) RuntimeGrid:None EditorOnly:0 RuntimeOnly:0 HLODRelevant:1 ListedInSceneOutliner:1 IsMainWorldOnly:0
 |   |   |- [+] [ 25]
 |   |   |   |- Guid:940A113142BF9A015A22F1A374DA4351 BaseClass:/Game/_GENERATED/DerickZhen/road_spline.road_spline_C NativeClass:/Script/Engine.Actor Name:road_spline_C_UAID_A83B76363130484602_1705849098 Label:road_spline6 SpatiallyLoaded:1 Bounds:IsValid=true, Min=(X=39913.312 Y=-28008.369 Z=13.000), Max=(X=44586.813 Y=-20372.991 Z=21.014) RuntimeGrid:None EditorOnly:0 RuntimeOnly:0 HLODRelevant:0 ListedInSceneOutliner:1 IsMainWorldOnly:0
 |   |   |- [+] [ 26]
 |   |   |   |- Guid:948DDEFF4C2C7DBB55884F9CE69496EE BaseClass:/Game/_GENERATED/DerickZhen/road_spline.road_spline_C NativeClass:/Script/Engine.Actor Name:road_spline_C_UAID_A83B76363130484602_2053417107 Label:road_spline15 SpatiallyLoaded:1 Bounds:IsValid=true, Min=(X=35934.696 Y=-64186.543 Z=13.000), Max=(X=66569.785 Y=-24865.567 Z=21.014) RuntimeGrid:None EditorOnly:0 RuntimeOnly:0 HLODRelevant:0 ListedInSceneOutliner:1 IsMainWorldOnly:0
 |   |   |- [+] [ 27]
 |   |   |   |- Guid:9AA6CBB54BB9CAD5F374E9B13CB3D918 BaseClass:/Game/_GENERATED/DerickZhen/road_spline.road_spline_C NativeClass:/Script/Engine.Actor Name:road_spline_C_UAID_A83B76363130494602_1102199285 Label:road_spline17 SpatiallyLoaded:1 Bounds:IsValid=true, Min=(X=37821.222 Y=-73038.023 Z=13.000), Max=(X=46870.401 Y=-63737.930 Z=21.014) RuntimeGrid:None EditorOnly:0 RuntimeOnly:0 HLODRelevant:0 ListedInSceneOutliner:1 IsMainWorldOnly:0
 |   |   |- [+] [ 28]
 |   |   |   |- Guid:9EE5E3CB4F9ADF0DD82E6BABE697446F BaseClass:/Game/_GENERATED/DerickZhen/road_spline.road_spline_C NativeClass:/Script/Engine.Actor Name:road_spline_C_UAID_A83B76363130484602_2131029108 Label:road_spline16 SpatiallyLoaded:1 Bounds:IsValid=true, Min=(X=37811.222 Y=-73048.024 Z=13.000), Max=(X=46860.401 Y=-63747.930 Z=21.014) RuntimeGrid:None EditorOnly:0 RuntimeOnly:0 HLODRelevant:0 ListedInSceneOutliner:1 IsMainWorldOnly:0
 |   |   |- [+] [ 29]
 |   |   |   |- Guid:ABB062E9436DF3AEBD4E678CBEB22E06 BaseClass: NativeClass:/Script/Engine.StaticMeshActor Name:StaticMeshActor_UAID_A83B76363130434602_1081725208 Label:Cube SpatiallyLoaded:1 Bounds:IsValid=true, Min=(X=-100000.000 Y=-100000.000 Z=-80.000), Max=(X=100000.000 Y=100000.000 Z=20.000) RuntimeGrid:None EditorOnly:0 RuntimeOnly:0 HLODRelevant:1 ListedInSceneOutliner:1 IsMainWorldOnly:0
 |   |   |- [+] [ 30]
 |   |   |   |- Guid:ACDD963A46E401834886B6AD755A9C34 BaseClass:/Game/_GENERATED/DerickZhen/road_spline.road_spline_C NativeClass:/Script/Engine.Actor Name:road_spline_C_UAID_A83B76363130484602_1944715105 Label:road_spline13 SpatiallyLoaded:1 Bounds:IsValid=true, Min=(X=37369.336 Y=-64119.759 Z=13.000), Max=(X=52483.660 Y=-44140.513 Z=21.014) RuntimeGrid:None EditorOnly:0 RuntimeOnly:0 HLODRelevant:0 ListedInSceneOutliner:1 IsMainWorldOnly:0
 |   |   |- [+] [ 31]
 |   |   |   |- Guid:B785ED2844B84CFB91E7F39FE661CD99 BaseClass: NativeClass:/Script/Engine.DirectionalLight Name:DirectionalLight_0 Label:DirectionalLight SpatiallyLoaded:0 Bounds:IsValid=true, Min=(X=-1048576.000 Y=-1048576.000 Z=-1048576.000), Max=(X=1048576.000 Y=1048576.000 Z=1048576.000) RuntimeGrid:None EditorOnly:0 RuntimeOnly:0 HLODRelevant:0 ListedInSceneOutliner:1 IsMainWorldOnly:0 FolderPath:Lighting FolderGuid:963EC3EB4002CCE9759E2EBA541A873A
 |   |   |- [+] [ 32]
 |   |   |   |- Guid:BC5A532847E91994327926BF3A8AE793 BaseClass:/Game/_GENERATED/DerickZhen/road_spline.road_spline_C NativeClass:/Script/Engine.Actor Name:road_spline_C_UAID_A83B76363130484602_1755707099 Label:road_spline7 SpatiallyLoaded:1 Bounds:IsValid=true, Min=(X=43375.864 Y=-20188.369 Z=13.000), Max=(X=47712.977 Y=-13335.471 Z=21.014) RuntimeGrid:None EditorOnly:0 RuntimeOnly:0 HLODRelevant:0 ListedInSceneOutliner:1 IsMainWorldOnly:0
 |   |   |- [+] [ 33]
 |   |   |   |- Guid:C78F22C049E74396FB4FF1B32C031F5C BaseClass: NativeClass:/Script/Landscape.LandscapeStreamingProxy Name:LandscapeStreamingProxy_0H9CB8OKD32ZO8Z80SRTVYUJ0_126_1_0_0 Label:LandscapeStreamingProxy_1_0_0 SpatiallyLoaded:1 Bounds:IsValid=true, Min=(X=-12600.000 Y=-25200.000 Z=-100.000), Max=(X=0.000 Y=-12600.000 Z=100.000) RuntimeGrid:None EditorOnly:0 RuntimeOnly:0 HLODRelevant:1 ListedInSceneOutliner:1 IsMainWorldOnly:0
 |   |   |- [+] [ 34]
 |   |   |   |- Guid:CA0378574210EF491322399A9DC6D09C BaseClass:/Game/_GENERATED/DerickZhen/road_spline.road_spline_C NativeClass:/Script/Engine.Actor Name:road_spline_C_UAID_A83B76363130484602_1603909095 Label:road_spline3 SpatiallyLoaded:1 Bounds:IsValid=true, Min=(X=17492.108 Y=-40755.876 Z=13.000), Max=(X=28219.575 Y=-36663.900 Z=21.014) RuntimeGrid:None EditorOnly:0 RuntimeOnly:0 HLODRelevant:0 ListedInSceneOutliner:1 IsMainWorldOnly:0
 |   |   |- [+] [ 35]
 |   |   |   |- Guid:CCFF262C46EEFFDF319E7F9539CE697E BaseClass: NativeClass:/Script/Engine.SkyAtmosphere Name:SkyAtmosphere_0 Label:SkyAtmosphere SpatiallyLoaded:0 Bounds:IsValid=true, Min=(X=0.000 Y=0.000 Z=1020.000), Max=(X=0.000 Y=0.000 Z=1020.000) RuntimeGrid:None EditorOnly:0 RuntimeOnly:0 HLODRelevant:0 ListedInSceneOutliner:1 IsMainWorldOnly:0 FolderPath:Lighting FolderGuid:963EC3EB4002CCE9759E2EBA541A873A
 |   |   |- [+] [ 36]
 |   |   |   |- Guid:D664048B438E660FAC7E28A99E102856 BaseClass:/Game/_GENERATED/DerickZhen/road_spline.road_spline_C NativeClass:/Script/Engine.Actor Name:road_spline_C_UAID_A83B76363130484602_1786705100 Label:road_spline8 SpatiallyLoaded:1 Bounds:IsValid=true, Min=(X=46855.864 Y=-13358.369 Z=13.000), Max=(X=50064.300 Y=-8699.198 Z=21.014) RuntimeGrid:None EditorOnly:0 RuntimeOnly:0 HLODRelevant:0 ListedInSceneOutliner:1 IsMainWorldOnly:0
 |   |   |- [+] [ 37]
 |   |   |   |- Guid:D970BDDD457183D8EA9B95BA7C41398C BaseClass: NativeClass:/Script/Landscape.LandscapeStreamingProxy Name:LandscapeStreamingProxy_0H9CB8OKD32ZO8Z80SRTVYUJ0_126_1_3_0 Label:LandscapeStreamingProxy_1_3_0 SpatiallyLoaded:1 Bounds:IsValid=true, Min=(X=-12600.000 Y=12600.000 Z=-100.000), Max=(X=0.000 Y=25200.000 Z=100.000) RuntimeGrid:None EditorOnly:0 RuntimeOnly:0 HLODRelevant:1 ListedInSceneOutliner:1 IsMainWorldOnly:0
 |   |   |- [+] [ 38]
 |   |   |   |- Guid:DCAD1C1647AA7B95D36EF592BB8A658E BaseClass: NativeClass:/Script/Landscape.LandscapeStreamingProxy Name:LandscapeStreamingProxy_0H9CB8OKD32ZO8Z80SRTVYUJ0_126_3_0_0 Label:LandscapeStreamingProxy_3_0_0 SpatiallyLoaded:1 Bounds:IsValid=true, Min=(X=12600.000 Y=-25200.000 Z=-100.000), Max=(X=25200.000 Y=-12600.000 Z=100.000) RuntimeGrid:None EditorOnly:0 RuntimeOnly:0 HLODRelevant:1 ListedInSceneOutliner:1 IsMainWorldOnly:0
 |   |   |- [+] [ 39]
 |   |   |   |- Guid:E2FF85AA461E468E157640B8676A4A86 BaseClass:/Game/_GENERATED/DerickZhen/road_spline.road_spline_C NativeClass:/Script/Engine.Actor Name:road_spline_C_UAID_A83B76363130484602_1801046101 Label:road_spline9 SpatiallyLoaded:1 Bounds:IsValid=true, Min=(X=38769.107 Y=-8358.369 Z=13.000), Max=(X=64721.018 Y=24340.506 Z=21.014) RuntimeGrid:None EditorOnly:0 RuntimeOnly:0 HLODRelevant:0 ListedInSceneOutliner:1 IsMainWorldOnly:0
 |   |   |- [+] [ 40]
 |   |   |   |- Guid:EBC52F7D467BD5FD6AF8F6A7FB98D5E2 BaseClass:/Game/_GENERATED/DerickZhen/road_spline.road_spline_C NativeClass:/Script/Engine.Actor Name:road_spline_C_UAID_A83B76363130484602_1890977103 Label:road_spline11 SpatiallyLoaded:1 Bounds:IsValid=true, Min=(X=47160.920 Y=32989.740 Z=13.000), Max=(X=50632.699 Y=40792.876 Z=21.014) RuntimeGrid:None EditorOnly:0 RuntimeOnly:0 HLODRelevant:0 ListedInSceneOutliner:1 IsMainWorldOnly:0
 |   |   |- [+] [ 41]
 |   |   |   |- Guid:EC4E0C944CE6AC6E784BC6BB2916EA13 BaseClass: NativeClass:/Script/Engine.StaticMeshActor Name:StaticMeshActor_UAID_A4AE111137DC5EFB00_1110535423 Label:SM_SkySphere SpatiallyLoaded:0 Bounds:IsValid=true, Min=(X=-1638400.000 Y=-1638400.000 Z=-1638400.000), Max=(X=1638400.000 Y=1638400.000 Z=1638400.000) RuntimeGrid:None EditorOnly:0 RuntimeOnly:0 HLODRelevant:1 ListedInSceneOutliner:1 IsMainWorldOnly:0 FolderPath:Lighting FolderGuid:963EC3EB4002CCE9759E2EBA541A873A
 |   |   |- [+] [ 42]
 |   |   |   |- Guid:F0974C8E4A938BFCD25CE080CA51B3EE BaseClass: NativeClass:/Script/Engine.StaticMeshActor Name:StaticMeshActor_UAID_A83B76363130474602_1652534916 Label:Cube2 SpatiallyLoaded:1 Bounds:IsValid=true, Min=(X=2070.000 Y=3180.000 Z=1840.000), Max=(X=2170.000 Y=3280.000 Z=1940.000) RuntimeGrid:None EditorOnly:0 RuntimeOnly:0 HLODRelevant:1 ListedInSceneOutliner:1 IsMainWorldOnly:0
 |   |   |- [+] [ 43]
 |   |   |   |- Guid:F0F6DAD344C1CED2B91EA5BCB4618F02 BaseClass: NativeClass:/Script/Landscape.LandscapeStreamingProxy Name:LandscapeStreamingProxy_0H9CB8OKD32ZO8Z80SRTVYUJ0_126_0_0_0 Label:LandscapeStreamingProxy_0_0_0 SpatiallyLoaded:1 Bounds:IsValid=true, Min=(X=-25200.000 Y=-25200.000 Z=-100.000), Max=(X=-12600.000 Y=-12600.000 Z=100.000) RuntimeGrid:None EditorOnly:0 RuntimeOnly:0 HLODRelevant:1 ListedInSceneOutliner:1 IsMainWorldOnly:0
 |   |   |- [+] [ 44]
 |   |   |   |- Guid:F5E3FEB3450C49844FD93DA8E083C8AD BaseClass: NativeClass:/Script/Engine.PostProcessVolume Name:PostProcessVolume_0 Label:PostProcessVolume SpatiallyLoaded:0 Bounds:IsValid=true, Min=(X=0.000 Y=0.000 Z=400.000), Max=(X=200.000 Y=200.000 Z=600.000) RuntimeGrid:None EditorOnly:0 RuntimeOnly:0 HLODRelevant:0 ListedInSceneOutliner:1 IsMainWorldOnly:0 FolderPath:Lighting FolderGuid:963EC3EB4002CCE9759E2EBA541A873A
 |   |   |- [+] [ 45]
 |   |   |   |- Guid:F65471B7449AA0C514CE45BB68DB2116 BaseClass: NativeClass:/Script/Landscape.LandscapeStreamingProxy Name:LandscapeStreamingProxy_0H9CB8OKD32ZO8Z80SRTVYUJ0_126_2_1_0 Label:LandscapeStreamingProxy_2_1_0 SpatiallyLoaded:1 Bounds:IsValid=true, Min=(X=0.000 Y=-12600.000 Z=-100.000), Max=(X=12600.000 Y=0.000 Z=100.000) RuntimeGrid:None EditorOnly:0 RuntimeOnly:0 HLODRelevant:1 ListedInSceneOutliner:1 IsMainWorldOnly:0
 |- ContainerInstances:
 |- [+] MainContainer:
 |   |-        ID: 00000000000000000000000000000000
 |   |-  ParentID: 00000000000000000000000000000000
 |   |-    Bounds: IsValid=false, Min=(X=0.000 Y=0.000 Z=0.000), Max=(X=0.000 Y=0.000 Z=0.000)
 |   |- Transform: 0.000000,0.000000,0.000000|0.000000,0.000000,-0.000000|1.000000,1.000000,1.000000
 |   |- Container: /Game/ThirdPerson/Maps/ThirdPersonMap
----------------------------------------------------------------------------------------------------------------
ThirdPersonMap - Persistent Level
----------------------------------------------------------------------------------------------------------------
[+] Content of ThirdPersonMap Persistent Level
 |- Always loaded Actor Count: 53 
 |- Actor Path: /Game/ThirdPerson/Maps/ThirdPersonMap.ThirdPersonMap:PersistentLevel.AbstractNavData-Default
 |- Actor Package: /Game/ThirdPerson/Maps/ThirdPersonMap
 |- Actor Path: /Game/ThirdPerson/Maps/ThirdPersonMap.ThirdPersonMap:PersistentLevel.Brush_0
 |- Actor Package: /Game/ThirdPerson/Maps/ThirdPersonMap
 |- Actor Path: /Game/ThirdPerson/Maps/ThirdPersonMap.ThirdPersonMap:PersistentLevel.DefaultPhysicsVolume_0
 |- Actor Package: /Game/ThirdPerson/Maps/ThirdPersonMap
 |- Actor Path: /Game/ThirdPerson/Maps/ThirdPersonMap.ThirdPersonMap:PersistentLevel.DirectionalLight_0
 |- Actor Package: /Game/__ExternalActors__/ThirdPerson/Maps/ThirdPersonMap/5/R1/TS5OQ5CRUWFZYL1ZQ7I416
 |- Actor Path: /Game/ThirdPerson/Maps/ThirdPersonMap.ThirdPersonMap:PersistentLevel.ExponentialHeightFog_0
 |- Actor Package: /Game/__ExternalActors__/ThirdPerson/Maps/ThirdPersonMap/6/J7/N10XDC9G27EMLS5AGZ6AVV
 |- Actor Path: /Game/ThirdPerson/Maps/ThirdPersonMap.ThirdPersonMap:PersistentLevel.GameplayDebuggerPlayerManager_0
 |- Actor Package: /Game/ThirdPerson/Maps/ThirdPersonMap
 |- Actor Path: /Game/ThirdPerson/Maps/ThirdPersonMap.ThirdPersonMap:PersistentLevel.Landscape_UAID_A83B76363130424602_2011888031
 |- Actor Package: /Game/__ExternalActors__/ThirdPerson/Maps/ThirdPersonMap/C/HR/8A0MB3XUT5QVPHWOXLH0ZH
 |- Actor Path: /Game/ThirdPerson/Maps/ThirdPersonMap.ThirdPersonMap:PersistentLevel.LandscapeStreamingProxy_0H9CB8OKD32ZO8Z80SRTVYUJ0_126_0_0_0
 |- Actor Package: /Game/__ExternalActors__/ThirdPerson/Maps/ThirdPersonMap/7/WU/BH8OKKL3N1FA8N92U85OG1
 |- Actor Path: /Game/ThirdPerson/Maps/ThirdPersonMap.ThirdPersonMap:PersistentLevel.LandscapeStreamingProxy_0H9CB8OKD32ZO8Z80SRTVYUJ0_126_0_1_0
 |- Actor Package: /Game/__ExternalActors__/ThirdPerson/Maps/ThirdPersonMap/9/9O/948J80UJ57SSXZXYSL46JX
 |- Actor Path: /Game/ThirdPerson/Maps/ThirdPersonMap.ThirdPersonMap:PersistentLevel.LandscapeStreamingProxy_0H9CB8OKD32ZO8Z80SRTVYUJ0_126_0_2_0
 |- Actor Package: /Game/__ExternalActors__/ThirdPerson/Maps/ThirdPersonMap/7/HJ/4TNNKB6YROILTSUSAR73O4
 |- Actor Path: /Game/ThirdPerson/Maps/ThirdPersonMap.ThirdPersonMap:PersistentLevel.LandscapeStreamingProxy_0H9CB8OKD32ZO8Z80SRTVYUJ0_126_0_3_0
 |- Actor Package: /Game/__ExternalActors__/ThirdPerson/Maps/ThirdPersonMap/4/GS/T817MJ3L3024Q8W730WBOH
 |- Actor Path: /Game/ThirdPerson/Maps/ThirdPersonMap.ThirdPersonMap:PersistentLevel.LandscapeStreamingProxy_0H9CB8OKD32ZO8Z80SRTVYUJ0_126_1_0_0
 |- Actor Package: /Game/__ExternalActors__/ThirdPerson/Maps/ThirdPersonMap/0/MT/KEB6AQPOJB84QRFZVHTD1Y
 |- Actor Path: /Game/ThirdPerson/Maps/ThirdPersonMap.ThirdPersonMap:PersistentLevel.LandscapeStreamingProxy_0H9CB8OKD32ZO8Z80SRTVYUJ0_126_1_1_0
 |- Actor Package: /Game/__ExternalActors__/ThirdPerson/Maps/ThirdPersonMap/C/FY/YRKB1ISN5RY8DX1CMWZTSP
 |- Actor Path: /Game/ThirdPerson/Maps/ThirdPersonMap.ThirdPersonMap:PersistentLevel.LandscapeStreamingProxy_0H9CB8OKD32ZO8Z80SRTVYUJ0_126_1_2_0
 |- Actor Package: /Game/__ExternalActors__/ThirdPerson/Maps/ThirdPersonMap/3/ES/4JHL7XXUO8JZM5PLY4XP6C
 |- Actor Path: /Game/ThirdPerson/Maps/ThirdPersonMap.ThirdPersonMap:PersistentLevel.LandscapeStreamingProxy_0H9CB8OKD32ZO8Z80SRTVYUJ0_126_1_3_0
 |- Actor Package: /Game/__ExternalActors__/ThirdPerson/Maps/ThirdPersonMap/7/J3/AZ4NLOWDEHH25QGA42G3L6
 |- Actor Path: /Game/ThirdPerson/Maps/ThirdPersonMap.ThirdPersonMap:PersistentLevel.LandscapeStreamingProxy_0H9CB8OKD32ZO8Z80SRTVYUJ0_126_2_0_0
 |- Actor Package: /Game/__ExternalActors__/ThirdPerson/Maps/ThirdPersonMap/4/FN/BHZ9VN3Q2DTVY0MR1PI4DK
 |- Actor Path: /Game/ThirdPerson/Maps/ThirdPersonMap.ThirdPersonMap:PersistentLevel.LandscapeStreamingProxy_0H9CB8OKD32ZO8Z80SRTVYUJ0_126_2_1_0
 |- Actor Package: /Game/__ExternalActors__/ThirdPerson/Maps/ThirdPersonMap/E/BJ/2DP3N5YEUHT67F7ZMVEQQG
 |- Actor Path: /Game/ThirdPerson/Maps/ThirdPersonMap.ThirdPersonMap:PersistentLevel.LandscapeStreamingProxy_0H9CB8OKD32ZO8Z80SRTVYUJ0_126_2_2_0
 |- Actor Package: /Game/__ExternalActors__/ThirdPerson/Maps/ThirdPersonMap/D/YZ/E86I39JD7TRJJF7OZIYJDW
 |- Actor Path: /Game/ThirdPerson/Maps/ThirdPersonMap.ThirdPersonMap:PersistentLevel.LandscapeStreamingProxy_0H9CB8OKD32ZO8Z80SRTVYUJ0_126_2_3_0
 |- Actor Package: /Game/__ExternalActors__/ThirdPerson/Maps/ThirdPersonMap/9/C6/T6N4UT0Y6CALY2CDLBRD8W
 |- Actor Path: /Game/ThirdPerson/Maps/ThirdPersonMap.ThirdPersonMap:PersistentLevel.LandscapeStreamingProxy_0H9CB8OKD32ZO8Z80SRTVYUJ0_126_3_0_0
 |- Actor Package: /Game/__ExternalActors__/ThirdPerson/Maps/ThirdPersonMap/E/BD/SFPWPBQ3TVNXIU67GH8LXE
 |- Actor Path: /Game/ThirdPerson/Maps/ThirdPersonMap.ThirdPersonMap:PersistentLevel.LandscapeStreamingProxy_0H9CB8OKD32ZO8Z80SRTVYUJ0_126_3_1_0
 |- Actor Package: /Game/__ExternalActors__/ThirdPerson/Maps/ThirdPersonMap/7/FF/FDB59AWTMZ4AVMVIDWIWPW
 |- Actor Path: /Game/ThirdPerson/Maps/ThirdPersonMap.ThirdPersonMap:PersistentLevel.LandscapeStreamingProxy_0H9CB8OKD32ZO8Z80SRTVYUJ0_126_3_2_0
 |- Actor Package: /Game/__ExternalActors__/ThirdPerson/Maps/ThirdPersonMap/B/UG/HPV559PSDCZKVJ32EVOOOG
 |- Actor Path: /Game/ThirdPerson/Maps/ThirdPersonMap.ThirdPersonMap:PersistentLevel.LandscapeStreamingProxy_0H9CB8OKD32ZO8Z80SRTVYUJ0_126_3_3_0
 |- Actor Package: /Game/__ExternalActors__/ThirdPerson/Maps/ThirdPersonMap/C/Y0/K3SER1CR6222JT0FCLZVTC
 |- Actor Path: /Game/ThirdPerson/Maps/ThirdPersonMap.ThirdPersonMap:PersistentLevel.PlayerStart_0
 |- Actor Package: /Game/__ExternalActors__/ThirdPerson/Maps/ThirdPersonMap/D/DE/SWSI13675DVYIZ0N4NF7Y3
 |- Actor Path: /Game/ThirdPerson/Maps/ThirdPersonMap.ThirdPersonMap:PersistentLevel.PostProcessVolume_0
 |- Actor Package: /Game/__ExternalActors__/ThirdPerson/Maps/ThirdPersonMap/1/AZ/A7GPT109Y6ZTTJD4A7TXER
 |- Actor Path: /Game/ThirdPerson/Maps/ThirdPersonMap.ThirdPersonMap:PersistentLevel.road_spline_C_UAID_A83B76363130474602_1323004914
 |- Actor Package: /Game/__ExternalActors__/ThirdPerson/Maps/ThirdPersonMap/3/YF/Y9G9QVJZS0LW2OJJM46GSO
 |- Actor Path: /Game/ThirdPerson/Maps/ThirdPersonMap.ThirdPersonMap:PersistentLevel.road_spline_C_UAID_A83B76363130484602_1352996093
 |- Actor Package: /Game/__ExternalActors__/ThirdPerson/Maps/ThirdPersonMap/9/YF/YKTS9KVICFND7BNXRX8TVV
 |- Actor Path: /Game/ThirdPerson/Maps/ThirdPersonMap.ThirdPersonMap:PersistentLevel.road_spline_C_UAID_A83B76363130484602_1603909095
 |- Actor Package: /Game/__ExternalActors__/ThirdPerson/Maps/ThirdPersonMap/7/JF/ZXV9RN1RG6MRYYEIYSIZ68
 |- Actor Path: /Game/ThirdPerson/Maps/ThirdPersonMap.ThirdPersonMap:PersistentLevel.road_spline_C_UAID_A83B76363130484602_1640462096
 |- Actor Package: /Game/__ExternalActors__/ThirdPerson/Maps/ThirdPersonMap/2/GW/ENG8HMU6RZVOMMLM7N26FN
 |- Actor Path: /Game/ThirdPerson/Maps/ThirdPersonMap.ThirdPersonMap:PersistentLevel.road_spline_C_UAID_A83B76363130484602_1661224097
 |- Actor Package: /Game/__ExternalActors__/ThirdPerson/Maps/ThirdPersonMap/1/MR/9KNNRMKN60043UZFTFT2WU
 |- Actor Path: /Game/ThirdPerson/Maps/ThirdPersonMap.ThirdPersonMap:PersistentLevel.road_spline_C_UAID_A83B76363130484602_1705849098
 |- Actor Package: /Game/__ExternalActors__/ThirdPerson/Maps/ThirdPersonMap/4/75/Q99EBN6S8F26WCJ1APBQF8
 |- Actor Path: /Game/ThirdPerson/Maps/ThirdPersonMap.ThirdPersonMap:PersistentLevel.road_spline_C_UAID_A83B76363130484602_1755707099
 |- Actor Package: /Game/__ExternalActors__/ThirdPerson/Maps/ThirdPersonMap/B/9I/32GTRK7XAAT52AFJU8U43G
 |- Actor Path: /Game/ThirdPerson/Maps/ThirdPersonMap.ThirdPersonMap:PersistentLevel.road_spline_C_UAID_A83B76363130484602_1786705100
 |- Actor Package: /Game/__ExternalActors__/ThirdPerson/Maps/ThirdPersonMap/D/RZ/OQ4WGN4QUXPTWOGVIR3OKY
 |- Actor Path: /Game/ThirdPerson/Maps/ThirdPersonMap.ThirdPersonMap:PersistentLevel.road_spline_C_UAID_A83B76363130484602_1801046101
 |- Actor Package: /Game/__ExternalActors__/ThirdPerson/Maps/ThirdPersonMap/B/UC/2TF6EHS1U7JMI25HI5NL2B
 |- Actor Path: /Game/ThirdPerson/Maps/ThirdPersonMap.ThirdPersonMap:PersistentLevel.road_spline_C_UAID_A83B76363130484602_1837108102
 |- Actor Package: /Game/__ExternalActors__/ThirdPerson/Maps/ThirdPersonMap/B/HZ/PJV8XF7DQB3LMQZS0T2TJ1
 |- Actor Path: /Game/ThirdPerson/Maps/ThirdPersonMap.ThirdPersonMap:PersistentLevel.road_spline_C_UAID_A83B76363130484602_1890977103
 |- Actor Package: /Game/__ExternalActors__/ThirdPerson/Maps/ThirdPersonMap/A/40/4TKZNE10GTN4CPJS4OJOV4
 |- Actor Path: /Game/ThirdPerson/Maps/ThirdPersonMap.ThirdPersonMap:PersistentLevel.road_spline_C_UAID_A83B76363130484602_1908654104
 |- Actor Package: /Game/__ExternalActors__/ThirdPerson/Maps/ThirdPersonMap/6/OU/831YR9I4F4JAIZNTYROJ4R
 |- Actor Path: /Game/ThirdPerson/Maps/ThirdPersonMap.ThirdPersonMap:PersistentLevel.road_spline_C_UAID_A83B76363130484602_1944715105
 |- Actor Package: /Game/__ExternalActors__/ThirdPerson/Maps/ThirdPersonMap/D/1N/J0W4NIUAM4OQJPQ3DO7A7E
 |- Actor Path: /Game/ThirdPerson/Maps/ThirdPersonMap.ThirdPersonMap:PersistentLevel.road_spline_C_UAID_A83B76363130484602_2014254106
 |- Actor Package: /Game/__ExternalActors__/ThirdPerson/Maps/ThirdPersonMap/E/6I/0OBJBC7MMT31ZEOE5G6ZN2
 |- Actor Path: /Game/ThirdPerson/Maps/ThirdPersonMap.ThirdPersonMap:PersistentLevel.road_spline_C_UAID_A83B76363130484602_2053417107
 |- Actor Package: /Game/__ExternalActors__/ThirdPerson/Maps/ThirdPersonMap/4/MI/5E9P1KVU346KH5KMMYMQ8E
 |- Actor Path: /Game/ThirdPerson/Maps/ThirdPersonMap.ThirdPersonMap:PersistentLevel.road_spline_C_UAID_A83B76363130484602_2131029108
 |- Actor Package: /Game/__ExternalActors__/ThirdPerson/Maps/ThirdPersonMap/A/42/UWP3SDGZVP222EK2WCQWUL
 |- Actor Path: /Game/ThirdPerson/Maps/ThirdPersonMap.ThirdPersonMap:PersistentLevel.road_spline_C_UAID_A83B76363130494602_1102199285
 |- Actor Package: /Game/__ExternalActors__/ThirdPerson/Maps/ThirdPersonMap/8/9K/7CB59H4JW26PC1WF4TQT1R
 |- Actor Path: /Game/ThirdPerson/Maps/ThirdPersonMap.ThirdPersonMap:PersistentLevel.SkyAtmosphere_0
 |- Actor Package: /Game/__ExternalActors__/ThirdPerson/Maps/ThirdPersonMap/4/LN/30UBDLYFFA5ZR7U4W4L4GG
 |- Actor Path: /Game/ThirdPerson/Maps/ThirdPersonMap.ThirdPersonMap:PersistentLevel.SkyLight_1
 |- Actor Package: /Game/__ExternalActors__/ThirdPerson/Maps/ThirdPersonMap/8/S1/DXUWD12MD3HRWVVXX076BY
 |- Actor Path: /Game/ThirdPerson/Maps/ThirdPersonMap.ThirdPersonMap:PersistentLevel.StaticMeshActor_UAID_A4AE111137DC5EFB00_1110535423
 |- Actor Package: /Game/__ExternalActors__/ThirdPerson/Maps/ThirdPersonMap/4/PN/2QISIGK5DJNQ05US8O8FXW
 |- Actor Path: /Game/ThirdPerson/Maps/ThirdPersonMap.ThirdPersonMap:PersistentLevel.StaticMeshActor_UAID_A83B76363130434602_1081725208
 |- Actor Package: /Game/__ExternalActors__/ThirdPerson/Maps/ThirdPersonMap/7/N2/3DK5V3TR3SU2XQI8ED2GEG
 |- Actor Path: /Game/ThirdPerson/Maps/ThirdPersonMap.ThirdPersonMap:PersistentLevel.StaticMeshActor_UAID_A83B76363130464602_1862766735
 |- Actor Package: /Game/__ExternalActors__/ThirdPerson/Maps/ThirdPersonMap/6/JC/MYX9K29LLULECKDROO5WS6
 |- Actor Path: /Game/ThirdPerson/Maps/ThirdPersonMap.ThirdPersonMap:PersistentLevel.StaticMeshActor_UAID_A83B76363130474602_1652534916
 |- Actor Package: /Game/__ExternalActors__/ThirdPerson/Maps/ThirdPersonMap/1/NC/P0K6PHC8FVTZL72VA16296
 |- Actor Path: /Game/ThirdPerson/Maps/ThirdPersonMap.ThirdPersonMap:PersistentLevel.ThirdPersonExampleMap_C_0
 |- Actor Package: /Game/ThirdPerson/Maps/ThirdPersonMap
 |- Actor Path: /Game/ThirdPerson/Maps/ThirdPersonMap.ThirdPersonMap:PersistentLevel.VolumetricCloud_0
 |- Actor Package: /Game/__ExternalActors__/ThirdPerson/Maps/ThirdPersonMap/3/EY/87SHEJN5UBEAN2K5OV1G6R
 |- Actor Path: /Game/ThirdPerson/Maps/ThirdPersonMap.ThirdPersonMap:PersistentLevel.WorldDataLayers
 |- Actor Package: /Game/__ExternalActors__/ThirdPerson/Maps/ThirdPersonMap/0/43/HYQWORMY4JDQ5X3OKZXFLC
 |- Actor Path: /Game/ThirdPerson/Maps/ThirdPersonMap.ThirdPersonMap:PersistentLevel.WorldInfo_0
 |- Actor Package: /Game/ThirdPerson/Maps/ThirdPersonMap
 |- Actor Path: /Game/ThirdPerson/Maps/ThirdPersonMap.ThirdPersonMap:PersistentLevel.WorldPartitionMiniMap_0
 |- Actor Package: /Game/__ExternalActors__/ThirdPerson/Maps/ThirdPersonMap/E/FR/LBG6LPN5JCL3FMVSI2CK6R

----------------------------------------------------------------------------------------------------------------
ThirdPersonMap - Runtime Spatial Hash - Streaming Grid - MainGrid
----------------------------------------------------------------------------------------------------------------
            Origin: X=0.000 Y=0.000 Z=0.000
         Cell Size: 12800
      World Bounds: IsValid=false, Min=(X=0.000 Y=0.000 Z=0.000), Max=(X=0.000 Y=0.000 Z=0.000)
     Loading Range: 25600.00
Block Slow Loading: No
 ClientOnlyVisible: No
            Origin: X=0.000 Y=0.000 Z=0.000

[+] Grid Levels: 1
 |- Level  0: Cell Count    0 | Cell Size   12800 | Actor Count    0 (0.0%)

[+] Content of Grid Level 0

